<?xml version="1.0" encoding="UTF-8"?>
<!-- Generated by org.testng.reporters.JUnitReportReporter -->
<testsuite hostname="HARI" failures="0" tests="2" name="TestClasses.TaskTestClass" time="35.123" errors="0" timestamp="2025-07-15T18:47:01 IST" skipped="0">
  <testcase classname="TestClasses.TaskTestClass" name="verifyToImportTask" time="15.295"/>
  <testcase classname="TestClasses.TaskTestClass" name="verifyToCreateNewTask" time="19.828"/>
</testsuite> <!-- TestClasses.TaskTestClass -->
