<?xml version="1.0" encoding="UTF-8"?>
<!-- Generated by org.testng.reporters.JUnitReportReporter -->
<testsuite hostname="HARI" failures="0" tests="1" name="TestClasses.TerminationTestClass" time="21.709" errors="0" timestamp="2025-07-17T13:11:18 IST" skipped="0">
  <testcase classname="TestClasses.TerminationTestClass" name="verifyToDeleteTermination" time="21.709"/>
</testsuite> <!-- TestClasses.TerminationTestClass -->
