<?xml version="1.0" encoding="UTF-8"?>
<!-- Generated by org.testng.reporters.JUnitReportReporter -->
<testsuite hostname="HARI" failures="0" tests="8" name="TestClasses.LoginPageTestClass" time="65.605" errors="0" timestamp="2025-07-16T14:40:14 IST" skipped="0">
  <testcase classname="TestClasses.LoginPageTestClass" name="verifySuccessfulLogin" time="14.327"/>
  <testcase classname="TestClasses.LoginPageTestClass" name="verifySuccessfulLogin" time="14.672"/>
  <testcase classname="TestClasses.LoginPageTestClass" name="verifyUnsuccessfulLogin" time="6.791"/>
  <testcase classname="TestClasses.LoginPageTestClass" name="verifyUnsuccessfulLogin" time="7.079"/>
  <testcase classname="TestClasses.LoginPageTestClass" name="verifyUnsuccessfulLogin" time="7.121"/>
  <testcase classname="TestClasses.LoginPageTestClass" name="verifyUnsuccessfulLogin" time="4.399"/>
  <testcase classname="TestClasses.LoginPageTestClass" name="verifyUnsuccessfulLogin" time="4.377"/>
  <testcase classname="TestClasses.LoginPageTestClass" name="verifyUnsuccessfulLogin" time="6.839"/>
</testsuite> <!-- TestClasses.LoginPageTestClass -->
