<?xml version="1.0" encoding="UTF-8"?>
<!-- Generated by org.testng.reporters.JUnitReportReporter -->
<testsuite hostname="HARI" failures="0" tests="1" name="TestClasses.FileManagerTestClass" time="54.096" errors="0" timestamp="2025-07-08T11:34:02 IST" skipped="0">
  <testcase classname="TestClasses.FileManagerTestClass" name="verifyToUploadFile" time="54.096"/>
</testsuite> <!-- TestClasses.FileManagerTestClass -->
