<?xml version="1.0" encoding="UTF-8"?>
<!-- Generated by org.testng.reporters.JUnitReportReporter -->
<testsuite hostname="HARI" failures="0" tests="2" name="TestClasses.TaskTestClass" time="41.980" errors="0" timestamp="2025-07-17T13:14:13 IST" skipped="0">
  <testcase classname="TestClasses.TaskTestClass" name="verifyToImportTask" time="19.146"/>
  <testcase classname="TestClasses.TaskTestClass" name="verifyToCreateNewTask" time="22.834"/>
</testsuite> <!-- TestClasses.TaskTestClass -->
