<?xml version="1.0" encoding="UTF-8"?>
<!-- Generated by org.testng.reporters.JUnitReportReporter -->
<testsuite hostname="HARI" failures="0" tests="6" name="TestClasses.DashBoardTestClass" time="69.739" errors="0" timestamp="2025-07-17T13:03:14 IST" skipped="0">
  <testcase classname="TestClasses.DashBoardTestClass" name="verifyPageTitle" time="9.743"/>
  <testcase classname="TestClasses.DashBoardTestClass" name="verifyDashboardURL" time="9.084"/>
  <testcase classname="TestClasses.DashBoardTestClass" name="verifyLogo" time="10.431"/>
  <testcase classname="TestClasses.DashBoardTestClass" name="verifySidebarMenuExpandsOnClick" time="15.713"/>
  <testcase classname="TestClasses.DashBoardTestClass" name="verifyDashboardMenuExpandsOnClick" time="13.708"/>
  <testcase classname="TestClasses.DashBoardTestClass" name="verifyTheTooltipTerminationIsShowingWhileHoveringMouseOnElement" time="11.060"/>
</testsuite> <!-- TestClasses.DashBoardTestClass -->
