<?xml version="1.0" encoding="UTF-8"?>
<!-- Generated by org.testng.reporters.JUnitReportReporter -->
<testsuite hostname="HARI" failures="0" tests="1" name="TestClasses.TaskTestClass" time="31.950" errors="0" timestamp="2025-07-16T12:46:26 IST" skipped="0">
  <testcase classname="TestClasses.TaskTestClass" name="verifyToImportTask" time="31.950"/>
</testsuite> <!-- TestClasses.TaskTestClass -->
