<?xml version="1.0" encoding="UTF-8"?>
<!-- Generated by org.testng.reporters.JUnitReportReporter -->
<testsuite hostname="HARI" failures="0" tests="2" name="TestClasses.TaskTestClass" time="40.868" errors="0" timestamp="2025-07-22T16:23:59 IST" skipped="0">
  <testcase classname="TestClasses.TaskTestClass" name="verifyToImportTask" time="21.892"/>
  <testcase classname="TestClasses.TaskTestClass" name="verifyToCreateNewTask" time="18.976"/>
</testsuite> <!-- TestClasses.TaskTestClass -->
