<?xml version="1.0" encoding="UTF-8"?>
<!-- Generated by org.testng.reporters.JUnitReportReporter -->
<testsuite hostname="HARI" failures="0" tests="6" name="TestClasses.DashBoardTestClass" time="73.656" errors="0" timestamp="2025-07-22T16:23:59 IST" skipped="0">
  <testcase classname="TestClasses.DashBoardTestClass" name="verifyPageTitle" time="8.777"/>
  <testcase classname="TestClasses.DashBoardTestClass" name="verifyDashboardURL" time="9.228"/>
  <testcase classname="TestClasses.DashBoardTestClass" name="verifyLogoIsDisplayed" time="11.759"/>
  <testcase classname="TestClasses.DashBoardTestClass" name="verifySidebarMenuExpandsOnClick" time="18.873"/>
  <testcase classname="TestClasses.DashBoardTestClass" name="verifyDashboardMenuExpandsOnClick" time="13.310"/>
  <testcase classname="TestClasses.DashBoardTestClass" name="verifyTheTooltipTerminationIsShowingWhileHoveringMouseOnElement" time="11.709"/>
</testsuite> <!-- TestClasses.DashBoardTestClass -->
