<?xml version="1.0" encoding="UTF-8"?>
<!-- Generated by org.testng.reporters.JUnitReportReporter -->
<testsuite hostname="HARI" failures="0" tests="4" name="TestClasses.LoginPageTestClass" time="21.691" errors="0" timestamp="2025-07-22T16:23:59 IST" skipped="0">
  <testcase classname="TestClasses.LoginPageTestClass" name="verifySuccessfulLogin" time="9.863"/>
  <testcase classname="TestClasses.LoginPageTestClass" name="verifyUnsuccessfulLogin" time="4.063"/>
  <testcase classname="TestClasses.LoginPageTestClass" name="verifyUnsuccessfulLogin" time="4.176"/>
  <testcase classname="TestClasses.LoginPageTestClass" name="verifyUnsuccessfulLogin" time="3.589"/>
</testsuite> <!-- TestClasses.LoginPageTestClass -->
