<?xml version="1.0" encoding="UTF-8"?>
<!-- Generated by org.testng.reporters.JUnitReportReporter -->
<testsuite hostname="HARI" failures="0" tests="2" name="TestClasses.TerminationTestClass" time="29.316" errors="0" timestamp="2025-07-15T18:47:01 IST" skipped="0">
  <testcase classname="TestClasses.TerminationTestClass" name="verifyToAddTermination" time="16.977"/>
  <testcase classname="TestClasses.TerminationTestClass" name="verifyToDeleteTermination" time="12.339"/>
</testsuite> <!-- TestClasses.TerminationTestClass -->
