<?xml version="1.0" encoding="UTF-8"?>
<!-- Generated by org.testng.reporters.JUnitReportReporter -->
<testsuite hostname="HARI" failures="0" tests="2" name="TestClasses.TerminationTestClass" time="31.084" errors="0" timestamp="2025-07-15T15:14:35 IST" skipped="0">
  <testcase classname="TestClasses.TerminationTestClass" name="verifyToDeleteTermination" time="15.075"/>
  <testcase classname="TestClasses.TerminationTestClass" name="verifyToAddTermination" time="16.009"/>
</testsuite> <!-- TestClasses.TerminationTestClass -->
