<?xml version="1.0" encoding="UTF-8"?>
<!-- Generated by org.testng.reporters.JUnitReportReporter -->
<testsuite hostname="HARI" failures="0" tests="4" name="TestClasses.LoginPageTestClass" time="19.638" errors="0" timestamp="2025-07-15T18:47:01 IST" skipped="0">
  <testcase classname="TestClasses.LoginPageTestClass" name="verifySuccessfulLogin" time="8.812"/>
  <testcase classname="TestClasses.LoginPageTestClass" name="verifyUnsuccessfulLogin" time="3.402"/>
  <testcase classname="TestClasses.LoginPageTestClass" name="verifyUnsuccessfulLogin" time="3.798"/>
  <testcase classname="TestClasses.LoginPageTestClass" name="verifyUnsuccessfulLogin" time="3.626"/>
</testsuite> <!-- TestClasses.LoginPageTestClass -->
