<?xml version="1.0" encoding="UTF-8"?>
<!-- Generated by org.testng.reporters.JUnitReportReporter -->
<testsuite hostname="HARI" failures="0" tests="2" name="TestClasses.TaskTestClass" time="42.770" errors="0" timestamp="2025-07-15T15:14:35 IST" skipped="0">
  <testcase classname="TestClasses.TaskTestClass" name="verifyToCreateNewTask" time="24.508"/>
  <testcase classname="TestClasses.TaskTestClass" name="verifyToImportTask" time="18.262"/>
</testsuite> <!-- TestClasses.TaskTestClass -->
