<?xml version="1.0" encoding="UTF-8"?>
<!-- Generated by org.testng.reporters.JUnitReportReporter -->
<testsuite hostname="HARI" failures="0" tests="6" name="TestClasses.DashBoardTestClass" time="66.298" errors="0" timestamp="2025-07-15T18:47:01 IST" skipped="0">
  <testcase classname="TestClasses.DashBoardTestClass" name="verifyPageTitle" time="8.885"/>
  <testcase classname="TestClasses.DashBoardTestClass" name="verifyDashboardURL" time="9.517"/>
  <testcase classname="TestClasses.DashBoardTestClass" name="verifyLogo" time="8.683"/>
  <testcase classname="TestClasses.DashBoardTestClass" name="verifySidebarMenuExpandsOnClick" time="16.070"/>
  <testcase classname="TestClasses.DashBoardTestClass" name="verifyDashboardMenuExpandsOnClick" time="13.340"/>
  <testcase classname="TestClasses.DashBoardTestClass" name="verifyTheTooltipTerminationIsShowingWhileHoveringMouseOnElement" time="9.803"/>
</testsuite> <!-- TestClasses.DashBoardTestClass -->
