<?xml version="1.0" encoding="UTF-8"?>
<!-- Generated by org.testng.reporters.JUnitReportReporter -->
<testsuite hostname="HARI" failures="0" tests="1" name="TestClasses.TaskTestClass" time="31.615" errors="0" timestamp="2025-07-11T16:53:38 IST" skipped="0">
  <testcase classname="TestClasses.TaskTestClass" name="verifyToCreateNewTask" time="31.615"/>
</testsuite> <!-- TestClasses.TaskTestClass -->
