<?xml version="1.0" encoding="UTF-8"?>
<!-- Generated by org.testng.reporters.JUnitReportReporter -->
<testsuite hostname="HARI" failures="0" tests="2" name="TestClasses.TerminationTestClass" time="35.443" errors="0" timestamp="2025-07-22T16:26:47 IST" skipped="0">
  <testcase classname="TestClasses.TerminationTestClass" name="verifyToAddTermination" time="22.364"/>
  <testcase classname="TestClasses.TerminationTestClass" name="verifyToDeleteTermination" time="13.079"/>
</testsuite> <!-- TestClasses.TerminationTestClass -->
