<?xml version="1.0" encoding="UTF-8"?>
<!-- Generated by org.testng.reporters.JUnitReportReporter -->
<testsuite hostname="HARI" failures="0" tests="2" name="TestClasses.DashBoardTestClass" time="41.317" errors="0" timestamp="2025-07-16T14:13:40 IST" skipped="0">
  <testcase classname="TestClasses.DashBoardTestClass" name="verifyLogo" time="18.959"/>
  <testcase classname="TestClasses.DashBoardTestClass" name="verifySidebarMenuExpandsOnClick" time="22.358"/>
</testsuite> <!-- TestClasses.DashBoardTestClass -->
