<?xml version="1.0" encoding="UTF-8"?>
<!-- Generated by org.testng.reporters.JUnitReportReporter -->
<testsuite hostname="HARI" failures="0" tests="6" name="TestClasses.DashBoardTestClass" time="69.350" errors="0" timestamp="2025-07-15T15:14:35 IST" skipped="0">
  <testcase classname="TestClasses.DashBoardTestClass" name="verifyPageTitle" time="9.894"/>
  <testcase classname="TestClasses.DashBoardTestClass" name="verifyDashboardURL" time="9.568"/>
  <testcase classname="TestClasses.DashBoardTestClass" name="verifyLogo" time="9.088"/>
  <testcase classname="TestClasses.DashBoardTestClass" name="verifySidebarMenuExpandsOnClick" time="16.522"/>
  <testcase classname="TestClasses.DashBoardTestClass" name="verifyDashboardMenuExpandsOnClick" time="14.018"/>
  <testcase classname="TestClasses.DashBoardTestClass" name="verifyTheTooltipTerminationIsShowingWhileHoveringMouseOnElement" time="10.260"/>
</testsuite> <!-- TestClasses.DashBoardTestClass -->
