<?xml version="1.0" encoding="UTF-8"?>
<!-- Generated by org.testng.reporters.JUnitReportReporter -->
<testsuite hostname="HARI" failures="0" tests="1" name="TestClasses.DashBoardTestClass" time="22.200" errors="0" timestamp="2025-07-11T15:06:22 IST" skipped="0">
  <testcase classname="TestClasses.DashBoardTestClass" name="verifyTheTooltipTerminationIsShowingWhileHoveringMouseOnElement" time="22.200"/>
</testsuite> <!-- TestClasses.DashBoardTestClass -->
