<?xml version="1.0" encoding="UTF-8"?>
<!-- Generated by org.testng.reporters.JUnitReportReporter -->
<testsuite hostname="HARI" failures="0" tests="1" name="TestClasses.LoginPageTestClass" time="107.800" errors="0" timestamp="2025-07-11T15:00:48 IST" skipped="0">
  <testcase classname="TestClasses.LoginPageTestClass" name="verifySuccessfulLogin" time="107.800"/>
</testsuite> <!-- TestClasses.LoginPageTestClass -->
