<?xml version="1.0" encoding="UTF-8"?>
<!-- Generated by org.testng.reporters.JUnitReportReporter -->
<testsuite hostname="HARI" failures="0" tests="4" name="TestClasses.LoginPageTestClass" time="22.872" errors="0" timestamp="2025-07-15T15:14:35 IST" skipped="0">
  <testcase classname="TestClasses.LoginPageTestClass" name="verifySuccessfulLogin" time="10.221"/>
  <testcase classname="TestClasses.LoginPageTestClass" name="verifyUnsuccessfulLogin" time="4.453"/>
  <testcase classname="TestClasses.LoginPageTestClass" name="verifyUnsuccessfulLogin" time="4.320"/>
  <testcase classname="TestClasses.LoginPageTestClass" name="verifyUnsuccessfulLogin" time="3.878"/>
</testsuite> <!-- TestClasses.LoginPageTestClass -->
